  LocalFileServer.cpp
C:\Users\admin\source\repos\Ôn tập LTM\LocalFileServer\LocalFileServer\LocalFileServer.cpp(10,4): warning C4996: 'strcpy': This function or variable may be unsafe. Consider using strcpy_s instead. To disable deprecation, use _CRT_SECURE_NO_WARNINGS. See online help for details.
C:\Users\admin\source\repos\Ôn tập LTM\LocalFileServer\LocalFileServer\LocalFileServer.cpp(20,2): warning C4996: 'sprintf': This function or variable may be unsafe. Consider using sprintf_s instead. To disable deprecation, use _CRT_SECURE_NO_WARNINGS. See online help for details.
C:\Users\admin\source\repos\Ôn tập LTM\LocalFileServer\LocalFileServer\LocalFileServer.cpp(33,3): warning C4996: 'sprintf': This function or variable may be unsafe. Consider using sprintf_s instead. To disable deprecation, use _CRT_SECURE_NO_WARNINGS. See online help for details.
C:\Users\admin\source\repos\Ôn tập LTM\LocalFileServer\LocalFileServer\LocalFileServer.cpp(35,3): warning C4996: 'sprintf': This function or variable may be unsafe. Consider using sprintf_s instead. To disable deprecation, use _CRT_SECURE_NO_WARNINGS. See online help for details.
C:\Users\admin\source\repos\Ôn tập LTM\LocalFileServer\LocalFileServer\LocalFileServer.cpp(75,2): warning C4996: 'sprintf': This function or variable may be unsafe. Consider using sprintf_s instead. To disable deprecation, use _CRT_SECURE_NO_WARNINGS. See online help for details.
C:\Users\admin\source\repos\Ôn tập LTM\LocalFileServer\LocalFileServer\LocalFileServer.cpp(97,22): warning C4018: '<': signed/unsigned mismatch
C:\Users\admin\source\repos\Ôn tập LTM\LocalFileServer\LocalFileServer\LocalFileServer.cpp(127,2): warning C4996: 'sscanf': This function or variable may be unsafe. Consider using sscanf_s instead. To disable deprecation, use _CRT_SECURE_NO_WARNINGS. See online help for details.
C:\Users\admin\source\repos\Ôn tập LTM\LocalFileServer\LocalFileServer\LocalFileServer.cpp(137,4): warning C4996: 'sprintf': This function or variable may be unsafe. Consider using sprintf_s instead. To disable deprecation, use _CRT_SECURE_NO_WARNINGS. See online help for details.
C:\Users\admin\source\repos\Ôn tập LTM\LocalFileServer\LocalFileServer\LocalFileServer.cpp(150,5): warning C4996: 'sprintf': This function or variable may be unsafe. Consider using sprintf_s instead. To disable deprecation, use _CRT_SECURE_NO_WARNINGS. See online help for details.
C:\Users\admin\source\repos\Ôn tập LTM\LocalFileServer\LocalFileServer\LocalFileServer.cpp(166,7): warning C4996: 'strcpy': This function or variable may be unsafe. Consider using strcpy_s instead. To disable deprecation, use _CRT_SECURE_NO_WARNINGS. See online help for details.
C:\Users\admin\source\repos\Ôn tập LTM\LocalFileServer\LocalFileServer\LocalFileServer.cpp(169,7): warning C4996: 'strcpy': This function or variable may be unsafe. Consider using strcpy_s instead. To disable deprecation, use _CRT_SECURE_NO_WARNINGS. See online help for details.
C:\Users\admin\source\repos\Ôn tập LTM\LocalFileServer\LocalFileServer\LocalFileServer.cpp(172,7): warning C4996: 'strcpy': This function or variable may be unsafe. Consider using strcpy_s instead. To disable deprecation, use _CRT_SECURE_NO_WARNINGS. See online help for details.
C:\Users\admin\source\repos\Ôn tập LTM\LocalFileServer\LocalFileServer\LocalFileServer.cpp(175,7): warning C4996: 'strcpy': This function or variable may be unsafe. Consider using strcpy_s instead. To disable deprecation, use _CRT_SECURE_NO_WARNINGS. See online help for details.
C:\Users\admin\source\repos\Ôn tập LTM\LocalFileServer\LocalFileServer\LocalFileServer.cpp(178,7): warning C4996: 'strcpy': This function or variable may be unsafe. Consider using strcpy_s instead. To disable deprecation, use _CRT_SECURE_NO_WARNINGS. See online help for details.
C:\Users\admin\source\repos\Ôn tập LTM\LocalFileServer\LocalFileServer\LocalFileServer.cpp(181,6): warning C4996: 'strcpy': This function or variable may be unsafe. Consider using strcpy_s instead. To disable deprecation, use _CRT_SECURE_NO_WARNINGS. See online help for details.
C:\Users\admin\source\repos\Ôn tập LTM\LocalFileServer\LocalFileServer\LocalFileServer.cpp(185,5): warning C4996: 'sprintf': This function or variable may be unsafe. Consider using sprintf_s instead. To disable deprecation, use _CRT_SECURE_NO_WARNINGS. See online help for details.
C:\Users\admin\source\repos\Ôn tập LTM\LocalFileServer\LocalFileServer\LocalFileServer.cpp(186,15): warning C4996: 'fopen': This function or variable may be unsafe. Consider using fopen_s instead. To disable deprecation, use _CRT_SECURE_NO_WARNINGS. See online help for details.
C:\Users\admin\source\repos\Ôn tập LTM\LocalFileServer\LocalFileServer\LocalFileServer.cpp(197,6): warning C4996: 'sprintf': This function or variable may be unsafe. Consider using sprintf_s instead. To disable deprecation, use _CRT_SECURE_NO_WARNINGS. See online help for details.
C:\Users\admin\source\repos\Ôn tập LTM\LocalFileServer\LocalFileServer\LocalFileServer.cpp(220,5): warning C4996: 'sprintf': This function or variable may be unsafe. Consider using sprintf_s instead. To disable deprecation, use _CRT_SECURE_NO_WARNINGS. See online help for details.
C:\Users\admin\source\repos\Ôn tập LTM\LocalFileServer\LocalFileServer\LocalFileServer.cpp(235,4): warning C4996: 'sscanf': This function or variable may be unsafe. Consider using sscanf_s instead. To disable deprecation, use _CRT_SECURE_NO_WARNINGS. See online help for details.
C:\Users\admin\source\repos\Ôn tập LTM\LocalFileServer\LocalFileServer\LocalFileServer.cpp(247,4): warning C4996: 'strcpy': This function or variable may be unsafe. Consider using strcpy_s instead. To disable deprecation, use _CRT_SECURE_NO_WARNINGS. See online help for details.
C:\Users\admin\source\repos\Ôn tập LTM\LocalFileServer\LocalFileServer\LocalFileServer.cpp(252,4): warning C4996: 'sscanf': This function or variable may be unsafe. Consider using sscanf_s instead. To disable deprecation, use _CRT_SECURE_NO_WARNINGS. See online help for details.
C:\Users\admin\source\repos\Ôn tập LTM\LocalFileServer\LocalFileServer\LocalFileServer.cpp(255,14): warning C4996: 'fopen': This function or variable may be unsafe. Consider using fopen_s instead. To disable deprecation, use _CRT_SECURE_NO_WARNINGS. See online help for details.
C:\Users\admin\source\repos\Ôn tập LTM\LocalFileServer\LocalFileServer\LocalFileServer.cpp(259,4): warning C4996: 'strcpy': This function or variable may be unsafe. Consider using strcpy_s instead. To disable deprecation, use _CRT_SECURE_NO_WARNINGS. See online help for details.
C:\Users\admin\source\repos\Ôn tập LTM\LocalFileServer\LocalFileServer\LocalFileServer.cpp(261,4): warning C4996: 'sprintf': This function or variable may be unsafe. Consider using sprintf_s instead. To disable deprecation, use _CRT_SECURE_NO_WARNINGS. See online help for details.
C:\Users\admin\source\repos\Ôn tập LTM\LocalFileServer\LocalFileServer\LocalFileServer.cpp(109): warning C4715: 'FindBoundary': not all control paths return a value
  LocalFileServer.vcxproj -> C:\Users\admin\source\repos\Ôn tập LTM\LocalFileServer\Debug\LocalFileServer.exe
